<?xml version="1.0" encoding="UTF-8"?>
<testsuite name="hello.ApplicationTests" time="0.536" tests="7" errors="0" skipped="0" failures="0">
  <properties>
    <property name="java.runtime.name" value="Java(TM) SE Runtime Environment"/>
    <property name="sun.boot.library.path" value="C:\Program Files (x86)\Java\jre1.8.0_60\bin"/>
    <property name="java.vm.version" value="25.60-b23"/>
    <property name="java.vm.vendor" value="Oracle Corporation"/>
    <property name="maven.multiModuleProjectDirectory" value="D:\workspace-oapc\oapc\ejemplos_java\java_05_mvc\51_gs-accessing-data-rest-complete"/>
    <property name="java.vendor.url" value="http://java.oracle.com/"/>
    <property name="path.separator" value=";"/>
    <property name="guice.disable.misplaced.annotation.check" value="true"/>
    <property name="java.vm.name" value="Java HotSpot(TM) Client VM"/>
    <property name="file.encoding.pkg" value="sun.io"/>
    <property name="user.script" value=""/>
    <property name="user.country" value="ES"/>
    <property name="sun.java.launcher" value="SUN_STANDARD"/>
    <property name="sun.os.patch.level" value="Service Pack 1"/>
    <property name="java.vm.specification.name" value="Java Virtual Machine Specification"/>
    <property name="user.dir" value="D:\workspace-oapc\oapc\ejemplos_java\java_05_mvc\51_gs-accessing-data-rest-complete"/>
    <property name="java.runtime.version" value="1.8.0_60-b60"/>
    <property name="java.awt.graphicsenv" value="sun.awt.Win32GraphicsEnvironment"/>
    <property name="java.endorsed.dirs" value="C:\Program Files (x86)\Java\jre1.8.0_60\lib\endorsed"/>
    <property name="os.arch" value="x86"/>
    <property name="java.io.tmpdir" value="C:\Users\xpoveda\AppData\Local\Temp\"/>
    <property name="line.separator" value="&#10;"/>
    <property name="java.vm.specification.vendor" value="Oracle Corporation"/>
    <property name="user.variant" value=""/>
    <property name="os.name" value="Windows 7"/>
    <property name="classworlds.conf" value="D:\workspace-piloto0\.metadata\.plugins\org.eclipse.m2e.launching\launches\m2conf5051129972054418193.tmp"/>
    <property name="sun.jnu.encoding" value="Cp1252"/>
    <property name="java.library.path" value="C:\Program Files (x86)\Java\jre1.8.0_60\bin;C:\WINDOWS\Sun\Java\bin;C:\WINDOWS\system32;C:\WINDOWS;C:/Program Files (x86)/Java/jre1.8.0_60/bin/client;C:/Program Files (x86)/Java/jre1.8.0_60/bin;C:/Program Files (x86)/Java/jre1.8.0_60/lib/i386;C:\ProgramData\Oracle\Java\javapath;C:\WINDOWS\system32;C:\WINDOWS;C:\WINDOWS\System32\Wbem;C:\WINDOWS\System32\WindowsPowerShell\v1.0\;C:\Program Files\Intel\WiFi\bin\;C:\Program Files\Common Files\Intel\WirelessCommon\;C:\Program Files\Git\cmd;C:\Program Files\TortoiseSVN\bin;C:\Program Files\nodejs\;C:\Program Files\MySQL\MySQL Utilities 1.6\;C:\Program Files\TortoiseGit\bin;C:\spartseo\apache-maven-3.5.0\bin;C:\Program Files\Java\jdk1.7.0_79\bin;C:\Users\xpoveda\AppData\Roaming\npm;C:\spartseo\sts-bundle\sts-3.9.0.RELEASE;;."/>
    <property name="java.specification.name" value="Java Platform API Specification"/>
    <property name="java.class.version" value="52.0"/>
    <property name="sun.management.compiler" value="HotSpot Client Compiler"/>
    <property name="os.version" value="6.1"/>
    <property name="user.home" value="C:\Users\xpoveda"/>
    <property name="user.timezone" value="Europe/Paris"/>
    <property name="java.awt.printerjob" value="sun.awt.windows.WPrinterJob"/>
    <property name="java.specification.version" value="1.8"/>
    <property name="file.encoding" value="Cp1252"/>
    <property name="user.name" value="xpoveda"/>
    <property name="java.class.path" value="/C:/spartseo/sts-bundle/sts-3.9.0.RELEASE/plugins/org.eclipse.m2e.maven.runtime_1.8.0.20170516-2042/jars/plexus-classworlds-2.5.2.jar"/>
    <property name="java.vm.specification.version" value="1.8"/>
    <property name="sun.arch.data.model" value="32"/>
    <property name="java.home" value="C:\Program Files (x86)\Java\jre1.8.0_60"/>
    <property name="sun.java.command" value="org.codehaus.plexus.classworlds.launcher.Launcher -B -s C:\spartseo\proyectos-spring\settings.xml install"/>
    <property name="java.specification.vendor" value="Oracle Corporation"/>
    <property name="user.language" value="es"/>
    <property name="awt.toolkit" value="sun.awt.windows.WToolkit"/>
    <property name="java.vm.info" value="mixed mode"/>
    <property name="java.version" value="1.8.0_60"/>
    <property name="java.ext.dirs" value="C:\Program Files (x86)\Java\jre1.8.0_60\lib\ext;C:\WINDOWS\Sun\Java\lib\ext"/>
    <property name="sun.boot.class.path" value="C:\Program Files (x86)\Java\jre1.8.0_60\lib\resources.jar;C:\Program Files (x86)\Java\jre1.8.0_60\lib\rt.jar;C:\Program Files (x86)\Java\jre1.8.0_60\lib\sunrsasign.jar;C:\Program Files (x86)\Java\jre1.8.0_60\lib\jsse.jar;C:\Program Files (x86)\Java\jre1.8.0_60\lib\jce.jar;C:\Program Files (x86)\Java\jre1.8.0_60\lib\charsets.jar;C:\Program Files (x86)\Java\jre1.8.0_60\lib\jfr.jar;C:\Program Files (x86)\Java\jre1.8.0_60\classes"/>
    <property name="java.vendor" value="Oracle Corporation"/>
    <property name="maven.home" value="D:\workspace-oapc\oapc\ejemplos_java\java_05_mvc\51_gs-accessing-data-rest-complete\EMBEDDED"/>
    <property name="file.separator" value="\"/>
    <property name="java.vendor.url.bug" value="http://bugreport.sun.com/bugreport/"/>
    <property name="sun.cpu.endian" value="little"/>
    <property name="sun.io.unicode.encoding" value="UnicodeLittle"/>
    <property name="sun.desktop" value="windows"/>
    <property name="sun.cpu.isalist" value="pentium_pro+mmx pentium_pro pentium+mmx pentium i486 i386 i86"/>
  </properties>
  <testcase name="shouldQueryEntity" classname="hello.ApplicationTests" time="0.406"/>
  <testcase name="shouldCreateEntity" classname="hello.ApplicationTests" time="0.014"/>
  <testcase name="shouldUpdateEntity" classname="hello.ApplicationTests" time="0.048"/>
  <testcase name="shouldRetrieveEntity" classname="hello.ApplicationTests" time="0.014"/>
  <testcase name="shouldDeleteEntity" classname="hello.ApplicationTests" time="0.024"/>
  <testcase name="shouldReturnRepositoryIndex" classname="hello.ApplicationTests" time="0.012"/>
  <testcase name="shouldPartiallyUpdateEntity" classname="hello.ApplicationTests" time="0.018"/>
</testsuite>